This file contains any messages produced by compilers while
running configure, to aid debugging if configure makes a mistake.

It was created by GNU C Library configure (see version.h), which was
generated by GNU Autoconf 2.69.  Invocation command line was

  $ ../glibc/configure --prefix=/home/pi/syscall-symphony/glibc-symphony/local

## --------- ##
## Platform. ##
## --------- ##

hostname = WilliamGozlanPi
uname -m = armv7l
uname -r = 5.10.63-v7+
uname -s = Linux
uname -v = #1496 SMP Wed Dec 1 15:58:11 GMT 2021

/usr/bin/uname -p = unknown
/bin/uname -X     = unknown

/bin/arch              = armv7l
/usr/bin/arch -k       = unknown
/usr/convex/getsysinfo = unknown
/usr/bin/hostinfo      = unknown
/bin/machine           = unknown
/usr/bin/oslevel       = unknown
/bin/universe          = unknown

PATH: /usr/local/sbin
PATH: /usr/local/bin
PATH: /usr/sbin
PATH: /usr/bin
PATH: /sbin
PATH: /bin
PATH: /usr/local/games
PATH: /usr/games


## ----------- ##
## Core tests. ##
## ----------- ##

configure:2250: checking build system type
configure:2264: result: armv7l-unknown-linux-gnueabihf
configure:2284: checking host system type
configure:2297: result: armv7l-unknown-linux-gnueabihf
configure:2366: checking for gcc
configure:2382: found /usr/bin/gcc
configure:2393: result: gcc
configure:2622: checking for C compiler version
configure:2631: gcc --version >&5
gcc (Raspbian 10.2.1-6+rpi1) 10.2.1 20210110
Copyright (C) 2020 Free Software Foundation, Inc.
This is free software; see the source for copying conditions.  There is NO
warranty; not even for MERCHANTABILITY or FITNESS FOR A PARTICULAR PURPOSE.

configure:2642: $? = 0
configure:2631: gcc -v >&5
Using built-in specs.
COLLECT_GCC=gcc
COLLECT_LTO_WRAPPER=/usr/lib/gcc/arm-linux-gnueabihf/10/lto-wrapper
Target: arm-linux-gnueabihf
Configured with: ../src/configure -v --with-pkgversion='Raspbian 10.2.1-6+rpi1' --with-bugurl=file:///usr/share/doc/gcc-10/README.Bugs --enable-languages=c,ada,c++,go,d,fortran,objc,obj-c++,m2 --prefix=/usr --with-gcc-major-version-only --program-suffix=-10 --program-prefix=arm-linux-gnueabihf- --enable-shared --enable-linker-build-id --libexecdir=/usr/lib --without-included-gettext --enable-threads=posix --libdir=/usr/lib --enable-nls --enable-bootstrap --enable-clocale=gnu --enable-libstdcxx-debug --enable-libstdcxx-time=yes --with-default-libstdcxx-abi=new --enable-gnu-unique-object --disable-libitm --disable-libquadmath --disable-libquadmath-support --enable-plugin --with-system-zlib --enable-libphobos-checking=release --with-target-system-zlib=auto --enable-objc-gc=auto --enable-multiarch --disable-sjlj-exceptions --with-arch=armv6 --with-fpu=vfp --with-float=hard --disable-werror --enable-checking=release --build=arm-linux-gnueabihf --host=arm-linux-gnueabihf --target=arm-linux-gnueabihf
Thread model: posix
Supported LTO compression algorithms: zlib zstd
gcc version 10.2.1 20210110 (Raspbian 10.2.1-6+rpi1) 
configure:2642: $? = 0
configure:2631: gcc -V >&5
gcc: error: unrecognized command-line option '-V'
gcc: fatal error: no input files
compilation terminated.
configure:2642: $? = 1
configure:2631: gcc -qversion >&5
gcc: error: unrecognized command-line option '-qversion'; did you mean '--version'?
gcc: fatal error: no input files
compilation terminated.
configure:2642: $? = 1
configure:2647: checking for suffix of object files
configure:2669: gcc -c   conftest.c >&5
configure:2673: $? = 0
configure:2694: result: o
configure:2698: checking whether we are using the GNU C compiler
configure:2717: gcc -c   conftest.c >&5
configure:2717: $? = 0
configure:2726: result: yes
configure:2735: checking whether gcc accepts -g
configure:2755: gcc -c -g  conftest.c >&5
configure:2755: $? = 0
configure:2796: result: yes
configure:2916: checking for readelf
configure:2932: found /usr/bin/readelf
configure:2943: result: readelf
configure:3025: checking for g++
configure:3041: found /usr/bin/g++
configure:3052: result: g++
configure:3079: checking for C++ compiler version
configure:3088: g++ --version >&5
g++ (Raspbian 10.2.1-6+rpi1) 10.2.1 20210110
Copyright (C) 2020 Free Software Foundation, Inc.
This is free software; see the source for copying conditions.  There is NO
warranty; not even for MERCHANTABILITY or FITNESS FOR A PARTICULAR PURPOSE.

configure:3099: $? = 0
configure:3088: g++ -v >&5
Using built-in specs.
COLLECT_GCC=g++
COLLECT_LTO_WRAPPER=/usr/lib/gcc/arm-linux-gnueabihf/10/lto-wrapper
Target: arm-linux-gnueabihf
Configured with: ../src/configure -v --with-pkgversion='Raspbian 10.2.1-6+rpi1' --with-bugurl=file:///usr/share/doc/gcc-10/README.Bugs --enable-languages=c,ada,c++,go,d,fortran,objc,obj-c++,m2 --prefix=/usr --with-gcc-major-version-only --program-suffix=-10 --program-prefix=arm-linux-gnueabihf- --enable-shared --enable-linker-build-id --libexecdir=/usr/lib --without-included-gettext --enable-threads=posix --libdir=/usr/lib --enable-nls --enable-bootstrap --enable-clocale=gnu --enable-libstdcxx-debug --enable-libstdcxx-time=yes --with-default-libstdcxx-abi=new --enable-gnu-unique-object --disable-libitm --disable-libquadmath --disable-libquadmath-support --enable-plugin --with-system-zlib --enable-libphobos-checking=release --with-target-system-zlib=auto --enable-objc-gc=auto --enable-multiarch --disable-sjlj-exceptions --with-arch=armv6 --with-fpu=vfp --with-float=hard --disable-werror --enable-checking=release --build=arm-linux-gnueabihf --host=arm-linux-gnueabihf --target=arm-linux-gnueabihf
Thread model: posix
Supported LTO compression algorithms: zlib zstd
gcc version 10.2.1 20210110 (Raspbian 10.2.1-6+rpi1) 
configure:3099: $? = 0
configure:3088: g++ -V >&5
g++: error: unrecognized command-line option '-V'
g++: fatal error: no input files
compilation terminated.
configure:3099: $? = 1
configure:3088: g++ -qversion >&5
g++: error: unrecognized command-line option '-qversion'; did you mean '--version'?
g++: fatal error: no input files
compilation terminated.
configure:3099: $? = 1
configure:3103: checking whether we are using the GNU C++ compiler
configure:3122: g++ -c   conftest.cpp >&5
configure:3122: $? = 0
configure:3131: result: yes
configure:3140: checking whether g++ accepts -g
configure:3160: g++ -c -g  conftest.cpp >&5
configure:3160: $? = 0
configure:3201: result: yes
configure:3226: checking whether g++ can link programs
configure:3249: g++ -o conftest -g -O2   conftest.cpp  >&5
configure:3249: $? = 0
configure:3272: g++ -o conftest -g -O2   -static conftest.cpp  >&5
configure:3272: $? = 0
configure:3287: result: yes
configure:3827: gcc -E  conftest.c
conftest.c:19:3: error: #error no CET compiler support
   19 | # error no CET compiler support
      |   ^~~~~
configure:3827: $? = 1
configure: failed program was:
| /* confdefs.h */
| #define PACKAGE_NAME "GNU C Library"
| #define PACKAGE_TARNAME "glibc"
| #define PACKAGE_VERSION "(see version.h)"
| #define PACKAGE_STRING "GNU C Library (see version.h)"
| #define PACKAGE_BUGREPORT "https://sourceware.org/bugzilla/"
| #define PACKAGE_URL "https://www.gnu.org/software/glibc/"
| #define PKGVERSION "(GNU libc) "
| #define REPORT_BUGS_TO "<https://www.gnu.org/software/libc/bugs.html>"
| #define TIMEOUTFACTOR 1
| #define HAVE_TUNABLES 1
| /* end confdefs.h.  */
| 
| int
| main ()
| {
| 
| #ifndef __CET__
| # error no CET compiler support
| #endif
|   ;
|   return 0;
| }
configure:3899: checking for sysdeps preconfigure fragments
configure:44: Found compiler is configured for armv6
configure:56: checking for grep that handles long lines and -e
configure:114: result: /usr/bin/grep
configure:119: checking for egrep
configure:181: result: /usr/bin/grep -E
configure:6: checking for grep that handles long lines and -e
configure:64: result: /usr/bin/grep
configure:69: checking for egrep
configure:131: result: /usr/bin/grep -E
configure:6: checking for grep that handles long lines and -e
configure:64: result: /usr/bin/grep
configure:69: checking for egrep
configure:131: result: /usr/bin/grep -E
configure:3906: result: 
configure:3936: checking for use of fpu sysdeps directories
configure:3955: result: yes
configure:3959: checking for -fstack-protector
configure:3965: gcc -g -O2 -fno-unwind-tables  -Werror -fstack-protector -xc /dev/null -S -o /dev/null
configure:3968: $? = 0
configure:3976: result: yes
configure:3979: checking for -fstack-protector-strong
configure:3985: gcc -g -O2 -fno-unwind-tables  -Werror -fstack-protector-strong -xc /dev/null -S -o /dev/null
configure:3988: $? = 0
configure:3996: result: yes
configure:3999: checking for -fstack-protector-all
configure:4005: gcc -g -O2 -fno-unwind-tables  -Werror -fstack-protector-all -xc /dev/null -S -o /dev/null
configure:4008: $? = 0
configure:4016: result: yes
configure:4059: checking for assembler and linker STT_GNU_IFUNC support

Relocation section '.rel.dyn' at offset 0xb8 contains 1 entry:
 Offset     Info    Type            Sym.Value  Sym. Name
000200cc  000000a0 R_ARM_IRELATIVE  
configure:4090: result: yes
configure:4094: checking for gcc attribute ifunc support
configure:4120: result: yes
configure:4125: checking whether the linker supports textrels along with ifunc
configure:4155: gcc -g -O2 -fno-unwind-tables   -nostartfiles -nostdlib -fno-stack-protector -pie -o conftest conftest.S
configure:4158: $? = 0
configure:4165: result: yes
configure:4170: checking for GNU attribute retain support
conftest.c:1:1: error: 'retain' attribute directive ignored [-Werror=attributes]
    1 | static int var  __attribute__ ((used, retain, section ("__libc_atexit")));
      | ^~~~~~
cc1: all warnings being treated as errors
configure:4185: result: no
configure:4195: checking if compiler warns about alias for function with incompatible types
conftest.c:9:34: error: 'foo_alias' alias between functions of incompatible types 'int(const void *, int)' and 'int (*(void))(const void *, int)' [-Werror=attribute-alias=]
    9 | extern __typeof (__redirect_foo) foo_alias __attribute__ ((alias ("foo")));
      |                                  ^~~~~~~~~
conftest.c:4:28: note: aliased declaration here
    4 | __typeof (__redirect_foo) *foo_impl (void)
      |                            ^~~~~~~~
cc1: all warnings being treated as errors
configure:4217: result: yes
configure:4255: checking sysdep dirs
configure:4453: result: sysdeps/generic
configure:4473: checking for a BSD-compatible install
configure:4541: result: /usr/bin/install -c
configure:4556: checking whether ln -s works
configure:4560: result: yes
configure:4590: checking whether as is GNU as
configure:4604: result: yes
configure:4609: checking whether ld is GNU ld
configure:4623: result: yes
configure:4633: checking for as
configure:4660: result: as
configure:4675: checking version of as
configure:4685: result: 2.35.2, ok
configure:4833: checking for ld
configure:4860: result: ld
configure:4875: checking version of ld
configure:4885: result: 2.35.2, ok
configure:4902: checking for gnumake
configure:4932: result: no
configure:4902: checking for gmake
configure:4932: result: no
configure:4902: checking for make
configure:4918: found /usr/bin/make
configure:4929: result: make
configure:4944: checking version of make
configure:4954: result: 4.2.1, ok
configure:4966: checking for gnumsgfmt
configure:4996: result: no
configure:4966: checking for gmsgfmt
configure:4996: result: no
configure:4966: checking for msgfmt
configure:4996: result: no
configure:5029: checking for makeinfo
configure:5059: result: no
configure:5092: checking for sed
configure:5108: found /usr/bin/sed
configure:5119: result: sed
configure:5134: checking version of sed
configure:5144: result: 4.7, ok
configure:5155: checking for gawk
configure:5171: found /usr/bin/gawk
configure:5182: result: gawk
configure:5197: checking version of gawk
configure:5207: result: 5.1.0, ok
configure:5218: checking for bison
configure:5234: found /usr/bin/bison
configure:5245: result: bison
configure:5260: checking version of bison
configure:5270: result: 3.7.5, ok
configure:5278: checking if gcc is sufficient to build libc
configure:5298: gcc -E  conftest.c
configure:5298: $? = 0
configure:5305: result: yes
configure:5354: checking for nm
configure:5370: found /usr/bin/nm
configure:5381: result: nm
configure:5479: checking for python3
configure:5495: found /usr/bin/python3
configure:5506: result: python3
configure:5521: checking version of python3
configure:5531: result: 3.9.2, ok
configure:5548: WARNING:
*** These auxiliary programs are missing or incompatible versions: msgfmt makeinfo
*** some features or tests will be disabled.
*** Check the INSTALL file for required versions.
configure:5599: checking LD_LIBRARY_PATH variable
configure:5609: result: ok
configure:5620: checking for bash
configure:5638: found /usr/bin/bash
configure:5651: result: /usr/bin/bash
configure:5662: checking for perl
configure:5680: found /usr/bin/perl
configure:5693: result: /usr/bin/perl
configure:5707: checking for install-info
configure:5726: found /usr/bin/install-info
configure:5739: result: /usr/bin/install-info
configure:5748: checking for .set assembler directive
configure:5774: result: yes
configure:5781: checking linker support for protected data symbol
configure:5791: gcc -nostdlib -nostartfiles -fno-stack-protector -fPIC -shared conftest.c -o conftest.so
configure:5794: $? = 0
configure:5801: gcc -nostdlib -nostartfiles -fno-stack-protector conftest.c -o conftest conftest.so
/usr/bin/ld: warning: cannot find entry symbol _start; defaulting to 000101d0
configure:5804: $? = 0
configure:5812: result: yes
configure:5816: checking linker support for INSERT in linker script
configure:5834: gcc -nostdlib -nostartfiles -fno-stack-protector -fPIC -shared conftest.c -Wl,-T,conftest.t -o conftest.so
configure:5837: $? = 0
configure:5844: result: yes
configure:5848: checking for broken __attribute__((alias()))
configure:5863: gcc -Werror -S conftest.c -o conftest.s 1>&5
configure:5866: $? = 0
configure:5876: result: no
configure:5882: checking whether to put _rtld_local into .sdata section
configure:5896: result: no
configure:5903: checking for libunwind-support in compiler
configure:5920: result: no
configure:5929: checking whether --noexecstack is desirable for .S files
configure:5939: gcc -g -O2 -fno-unwind-tables 
		   -S -o conftest.s conftest.c 1>&5
configure:5942: $? = 0
configure:5947: gcc  -Wa,--noexecstack
		      -c -o conftest.o conftest.s 1>&5
configure:5950: $? = 0
configure:5959: result: yes
configure:5966: checking for -z combreloc
configure:5980: gcc -g -O2 -fno-unwind-tables  
			-fPIC -shared -fno-stack-protector -o conftest.so conftest.c
			-nostdlib -nostartfiles
			-Wl,-z,combreloc 1>&5
configure:5983: $? = 0
configure:5996: result: yes
configure:6004: checking for linker that supports -z execstack
configure:6015: gcc -g -O2 -fno-unwind-tables   -fno-stack-protector
		    -Wl,-z,execstack -nostdlib -nostartfiles
		    -fPIC -shared -o conftest.so conftest.c
		    1>&5
configure:6018: $? = 0
configure:6036: result: yes
configure:6040: checking for linker that supports -z start-stop-gc
configure:6051: gcc -g -O2 -fno-unwind-tables   -fno-stack-protector
		    -Wl,-z,start-stop-gc -nostdlib -nostartfiles
		    -fPIC -shared -o conftest.so conftest.c
		    1>&5
/usr/bin/ld: warning: -z start-stop-gc ignored
configure:6054: $? = 0
configure:6072: result: no
configure:6077: checking for linker that supports --depaudit
configure:6088: gcc -g -O2 -fno-unwind-tables   -fno-stack-protector
		    -Wl,--depaudit,x -nostdlib -nostartfiles
		    -fPIC -shared -o conftest.so conftest.c
		    1>&5
configure:6091: $? = 0
configure:6109: result: yes
configure:6114: checking for linker that supports --no-dynamic-linker
configure:6125: gcc -g -O2 -fno-unwind-tables   -fno-stack-protector
		    -Wl,--no-dynamic-linker -nostdlib -nostartfiles
		    -fPIC -shared -o conftest.so conftest.c
		    1>&5
configure:6128: $? = 0
configure:6146: result: yes
configure:6151: checking for -static-pie
configure:6157: gcc -static-pie -xc /dev/null -S -o /dev/null
configure:6160: $? = 0
configure:6168: result: yes
configure:6173: checking for -fpie
configure:6179: gcc -fpie -xc /dev/null -S -o /dev/null
configure:6182: $? = 0
configure:6190: result: yes
configure:6195: checking for --hash-style option
configure:6206: gcc -g -O2 -fno-unwind-tables   -fno-stack-protector
			    -fPIC -shared -o conftest.so conftest.c
			    -Wl,--hash-style=both -nostdlib 1>&5
configure:6209: $? = 0
configure:6218: result: yes
configure:6226: checking for sufficient default -shared layout
configure:6245:   gcc  -shared -o conftest.so conftest.s 1>&5
configure:6248: $? = 0
configure:6280: result: yes
configure:6285: checking for GLOB_DAT reloc
configure:6298: gcc -g -O2 -fno-unwind-tables  
			-fPIC -shared -o conftest.so conftest.c
			-nostdlib -nostartfiles -fno-stack-protector
			1>&5
configure:6301: $? = 0
configure:6314: result: yes
configure:6318: checking for -fno-toplevel-reorder -fno-section-anchors
configure:6328: gcc -g -O2 -fno-unwind-tables  -S -fno-toplevel-reorder -fno-section-anchors
			    conftest.c 1>&5
configure:6331: $? = 0
configure:6340: result: yes
configure:6349: checking for -mtls-dialect=gnu2
configure:6363: gcc -g -O2 -fno-unwind-tables  -fPIC -mtls-dialect=gnu2 -nostdlib -nostartfiles
		   conftest.c -o conftest 1>&5
/usr/bin/ld: warning: cannot find entry symbol _start; defaulting to 000100f8
/usr/bin/ld: /tmp/cc4F1ooA.o: in function `foo':
/home/pi/syscall-symphony/glibc-symphony/glibc-build/conftest.c:4: undefined reference to `__aeabi_read_tp'
collect2: error: ld returned 1 exit status
configure:6366: $? = 1
configure:6375: result: no
configure:6381: checking whether cc puts quotes around section names
configure:6402: result: no
configure:6409: checking for __builtin_memset
configure:6421: gcc -O3 -S conftest.c -o - | grep -F memset > /dev/null
configure:6424: $? = 0
configure:6433: result: no
configure:6440: checking for redirection of built-in functions
configure:6453: gcc -O3 -S conftest.c -o - | grep -F my_strstr > /dev/null
configure:6456: $? = 0
configure:6465: result: yes
configure:6471: checking for compiler option to disable generation of FMA instructions
configure:6479: gcc -ffp-contract=off -xc /dev/null -S -o /dev/null
configure:6482: $? = 0
configure:6488: result: -ffp-contract=off
configure:6521: checking if gcc accepts -fno-tree-loop-distribute-patterns with __attribute__ ((__optimize__))
configure:6534: gcc -g -O2 -fno-unwind-tables  -c conftest.c
configure:6537: $? = 0
configure:6544: result: yes
configure:6552: checking for libgd
configure:6572: gcc -o conftest -g -O2 -fno-unwind-tables     conftest.c  -lgd -lpng -lz -lm >&5
conftest.c:19:10: fatal error: gd.h: No such file or directory
   19 | #include <gd.h>
      |          ^~~~~~
compilation terminated.
configure:6572: $? = 1
configure: failed program was:
| /* confdefs.h */
| #define PACKAGE_NAME "GNU C Library"
| #define PACKAGE_TARNAME "glibc"
| #define PACKAGE_VERSION "(see version.h)"
| #define PACKAGE_STRING "GNU C Library (see version.h)"
| #define PACKAGE_BUGREPORT "https://sourceware.org/bugzilla/"
| #define PACKAGE_URL "https://www.gnu.org/software/glibc/"
| #define PKGVERSION "(GNU libc) "
| #define REPORT_BUGS_TO "<https://www.gnu.org/software/libc/bugs.html>"
| #define TIMEOUTFACTOR 1
| #define HAVE_TUNABLES 1
| #define USE_PPC_SCV 1
| #define HAVE_CC_NO_STACK_PROTECTOR 1
| #define STACK_PROTECTOR_LEVEL 0
| #define HAVE_ASM_SET_DIRECTIVE 1
| #define HAVE_Z_COMBRELOC 1
| #define HAVE_CC_INHIBIT_LOOP_TO_LIBCALL 1
| /* end confdefs.h.  */
| #include <gd.h>
| int
| main ()
| {
| gdImagePng (0, 0)
|   ;
|   return 0;
| }
configure:6585: result: no
configure:6594: checking for is_selinux_enabled in -lselinux
configure:6619: gcc -o conftest -g -O2 -fno-unwind-tables   conftest.c -lselinux   >&5
/usr/bin/ld: cannot find -lselinux
collect2: error: ld returned 1 exit status
configure:6619: $? = 1
configure: failed program was:
| /* confdefs.h */
| #define PACKAGE_NAME "GNU C Library"
| #define PACKAGE_TARNAME "glibc"
| #define PACKAGE_VERSION "(see version.h)"
| #define PACKAGE_STRING "GNU C Library (see version.h)"
| #define PACKAGE_BUGREPORT "https://sourceware.org/bugzilla/"
| #define PACKAGE_URL "https://www.gnu.org/software/glibc/"
| #define PKGVERSION "(GNU libc) "
| #define REPORT_BUGS_TO "<https://www.gnu.org/software/libc/bugs.html>"
| #define TIMEOUTFACTOR 1
| #define HAVE_TUNABLES 1
| #define USE_PPC_SCV 1
| #define HAVE_CC_NO_STACK_PROTECTOR 1
| #define STACK_PROTECTOR_LEVEL 0
| #define HAVE_ASM_SET_DIRECTIVE 1
| #define HAVE_Z_COMBRELOC 1
| #define HAVE_CC_INHIBIT_LOOP_TO_LIBCALL 1
| /* end confdefs.h.  */
| 
| /* Override any GCC internal prototype to avoid an error.
|    Use char because int might match the return type of a GCC
|    builtin and then its argument prototype would still apply.  */
| #ifdef __cplusplus
| extern "C"
| #endif
| char is_selinux_enabled ();
| int
| main ()
| {
| return is_selinux_enabled ();
|   ;
|   return 0;
| }
configure:6628: result: no
configure:6751: checking for _FORTIFY_SOURCE predefine
configure:6770: gcc -c -g -O2 -fno-unwind-tables  conftest.c >&5
configure:6770: $? = 0
configure:6777: result: no
configure:6784: checking whether the assembler requires one version per symbol
configure:6805: result: no
configure:6812: checking for __builtin_trap with no external dependencies
configure:6829: gcc -c -g -O2 -fno-unwind-tables  conftest.c >&5
configure:6829: $? = 0
libc_undefs=''
configure:6843: result: yes
configure:6857: checking whether the C++ compiler supports thread_local
configure:6885: g++ -c -g -O2 -std=gnu++11  conftest.cpp >&5
configure:6885: $? = 0
configure:6894: result: yes
configure:6925: result: running configure fragment for sysdeps/unix/sysv/linux
configure:10: checking installed Linux kernel header files
configure:29: gcc -E  conftest.c
configure:29: $? = 0
configure:36: result: 3.2.0 or later
configure:70: checking for kernel header at least 3.2.0
configure:88: gcc -E  conftest.c
configure:88: $? = 0
configure:94: result: ok
configure:143: checking for symlinks in /home/pi/syscall-symphony/glibc-symphony/local/include
configure:160: result: ok
configure:6925: result: running configure fragment for sysdeps/gnu
configure:6925: result: running configure fragment for sysdeps/arm
configure:16: checking for grep that handles long lines and -e
configure:74: result: /usr/bin/grep
configure:79: checking for egrep
configure:141: result: /usr/bin/grep -E
configure:146: checking whether the compiler is using the ARM hard-float ABI
configure:167: result: yes
configure:179: checking whether PC-relative relocs in movw/movt work properly

Dynamic section at offset 0xfa8 contains 6 entries:
  Tag        Type                         Name/Value
 0x6ffffef5 (GNU_HASH)                   0xf8
 0x00000005 (STRTAB)                     0x138
 0x00000006 (SYMTAB)                     0x118
 0x0000000a (STRSZ)                      5 (bytes)
 0x0000000b (SYMENT)                     16 (bytes)
 0x00000000 (NULL)                       0x0

There are no relocations in this file.
configure:220: result: yes
configure:230: checking whether TPOFF relocs with addends are assembled correctly

Hex dump of section '.text':
 NOTE: This section has relocations against it, but these have NOT been applied to this dump.
  0x00000000 04000000                            ....

configure:266: result: yes
configure:6990: checking whether -fPIC is default
configure:7006: result: no
configure:7011: checking whether -fPIE is default
configure:7027: result: no
configure:7032: checking if we can build programs as PIE
configure:7040: gcc -c -g -O2  conftest.c >&5
configure:7040: $? = 0
configure:7046: result: yes
configure:7058: checking if we can build static PIE programs
configure:7069: gcc -c -g -O2  conftest.c >&5
conftest.c:31:3: error: #error static PIE is not supported
   31 | # error static PIE is not supported
      |   ^~~~~
configure:7069: $? = 1
configure: failed program was:
| /* confdefs.h */
| #define PACKAGE_NAME "GNU C Library"
| #define PACKAGE_TARNAME "glibc"
| #define PACKAGE_VERSION "(see version.h)"
| #define PACKAGE_STRING "GNU C Library (see version.h)"
| #define PACKAGE_BUGREPORT "https://sourceware.org/bugzilla/"
| #define PACKAGE_URL "https://www.gnu.org/software/glibc/"
| #define PKGVERSION "(GNU libc) "
| #define REPORT_BUGS_TO "<https://www.gnu.org/software/libc/bugs.html>"
| #define TIMEOUTFACTOR 1
| #define HAVE_TUNABLES 1
| #define USE_PPC_SCV 1
| #define HAVE_CC_NO_STACK_PROTECTOR 1
| #define STACK_PROTECTOR_LEVEL 0
| #define HAVE_ASM_SET_DIRECTIVE 1
| #define HAVE_Z_COMBRELOC 1
| #define HAVE_CC_INHIBIT_LOOP_TO_LIBCALL 1
| #define HAVE_BUILTIN_TRAP 1
| #define __LINUX_KERNEL_VERSION (3 * 65536 + 2 * 256 + 0)
| #define __ABI_TAG_VERSION 3,2,0
| #define HAVE_INLINED_SYSCALLS 1
| #define PI_STATIC_AND_HIDDEN 1
| #define HAVE_ARM_PCS_VFP 1
| #define ARM_PCREL_MOVW_OK 1
| #define HAVE_IFUNC 1
| #define HAVE_GCC_IFUNC 1
| #define USE_NSCD 1
| #define USE_LDCONFIG 1
| /* end confdefs.h.  */
| #ifndef SUPPORT_STATIC_PIE
| # error static PIE is not supported
| #endif
configure:7076: result: no
configure:7226: creating ./config.status

## ---------------------- ##
## Running config.status. ##
## ---------------------- ##

This file was extended by GNU C Library config.status (see version.h), which was
generated by GNU Autoconf 2.69.  Invocation command line was

  CONFIG_FILES    = 
  CONFIG_HEADERS  = 
  CONFIG_LINKS    = 
  CONFIG_COMMANDS = 
  $ ./config.status 

on WilliamGozlanPi

config.status:950: creating config.make
config.status:950: creating Makefile
config.status:950: creating config.h
config.status:1124: executing default commands

## ---------------- ##
## Cache variables. ##
## ---------------- ##

ac_cv_build=armv7l-unknown-linux-gnueabihf
ac_cv_c_compiler_gnu=yes
ac_cv_cxx_compiler_gnu=yes
ac_cv_env_CCC_set=
ac_cv_env_CCC_value=
ac_cv_env_CC_set=
ac_cv_env_CC_value=
ac_cv_env_CFLAGS_set=
ac_cv_env_CFLAGS_value=
ac_cv_env_CPPFLAGS_set=
ac_cv_env_CPPFLAGS_value=
ac_cv_env_CPP_set=
ac_cv_env_CPP_value=
ac_cv_env_CXXFLAGS_set=
ac_cv_env_CXXFLAGS_value=
ac_cv_env_CXX_set=
ac_cv_env_CXX_value=
ac_cv_env_LDFLAGS_set=
ac_cv_env_LDFLAGS_value=
ac_cv_env_LIBS_set=
ac_cv_env_LIBS_value=
ac_cv_env_build_alias_set=
ac_cv_env_build_alias_value=
ac_cv_env_host_alias_set=
ac_cv_env_host_alias_value=
ac_cv_env_target_alias_set=
ac_cv_env_target_alias_value=
ac_cv_host=armv7l-unknown-linux-gnueabihf
ac_cv_lib_selinux_is_selinux_enabled=no
ac_cv_objext=o
ac_cv_path_BASH_SHELL=/usr/bin/bash
ac_cv_path_EGREP='/usr/bin/grep -E'
ac_cv_path_GREP=/usr/bin/grep
ac_cv_path_INSTALL_INFO=/usr/bin/install-info
ac_cv_path_PERL=/usr/bin/perl
ac_cv_path_install='/usr/bin/install -c'
ac_cv_prog_AS=as
ac_cv_prog_AWK=gawk
ac_cv_prog_BISON=bison
ac_cv_prog_LD=ld
ac_cv_prog_MAKE=make
ac_cv_prog_PYTHON_PROG=python3
ac_cv_prog_SED=sed
ac_cv_prog_ac_ct_CC=gcc
ac_cv_prog_ac_ct_CXX=g++
ac_cv_prog_ac_ct_NM=nm
ac_cv_prog_ac_ct_READELF=readelf
ac_cv_prog_cc_g=yes
ac_cv_prog_cxx_g=yes
libc_cv_arm_pcrel_movw=yes
libc_cv_arm_pcs_vfp=yes
libc_cv_arm_tpoff_addend=yes
libc_cv_as_noexecstack=yes
libc_cv_asm_set_directive=yes
libc_cv_broken_alias_attribute=no
libc_cv_builtin_trap=yes
libc_cv_cc_loop_to_function=yes
libc_cv_cc_nofma=-ffp-contract=off
libc_cv_cc_pie_default=no
libc_cv_cc_with_libunwind=no
libc_cv_compiler_default_cet=no
libc_cv_compiler_ok=yes
libc_cv_cxx_link_ok=yes
libc_cv_cxx_thread_local=yes
libc_cv_depaudit=yes
libc_cv_fno_toplevel_reorder=yes
libc_cv_fpie=yes
libc_cv_gcc_builtin_memset=no
libc_cv_gcc_builtin_redirection=yes
libc_cv_gcc_incompatible_alias=yes
libc_cv_gcc_indirect_function=yes
libc_cv_gcc_unwind_find_fde=no
libc_cv_gnu_retain=no
libc_cv_has_glob_dat=yes
libc_cv_hashstyle=yes
libc_cv_have_sdata_section=no
libc_cv_have_section_quotes=no
libc_cv_idn=no
libc_cv_insert=yes
libc_cv_ld_gnu_indirect_function=yes
libc_cv_linux320='3.2.0 or later'
libc_cv_localstatedir='${prefix}/var'
libc_cv_mtls_dialect_gnu2=no
libc_cv_multidir=.
libc_cv_no_dynamic_linker=yes
libc_cv_nss_crypt=no
libc_cv_pic_default=no
libc_cv_pie_supported=yes
libc_cv_predef_fortify_source=no
libc_cv_prog_as_gnu=yes
libc_cv_prog_ld_gnu=yes
libc_cv_protected_data=yes
libc_cv_ssp=yes
libc_cv_ssp_all=yes
libc_cv_ssp_strong=yes
libc_cv_static_nss_crypt=no
libc_cv_static_pie=no
libc_cv_static_pie_supported=no
libc_cv_symver_needs_alias=no
libc_cv_sysconfdir='${prefix}/etc'
libc_cv_textrel_ifunc=yes
libc_cv_use_default_link=yes
libc_cv_with_fp=yes
libc_cv_with_lld=no
libc_cv_z_combreloc=yes
libc_cv_z_execstack=yes
libc_cv_z_start_stop_gc=no

## ----------------- ##
## Output variables. ##
## ----------------- ##

AR='ar'
AS='as'
ASFLAGS_config=' -Wa,--noexecstack'
AUTOCONF='no'
AWK='gawk'
BASH_SHELL='/usr/bin/bash'
BISON='bison'
BUILD_CC=''
CC='gcc'
CFLAGS='-g -O2'
CPP='gcc -E'
CPPFLAGS=''
CPPUNDEFS=''
CXX='g++'
CXXFLAGS='-g -O2'
CXX_BITS_STD_ABS_H='/usr/include/c++/10/bits/std_abs.h'
CXX_CMATH_HEADER='/usr/include/c++/10/cmath'
CXX_CSTDLIB_HEADER='/usr/include/c++/10/cstdlib'
CXX_SYSINCLUDES=''
DEFINES=''
DEFS='-DHAVE_CONFIG_H'
ECHO_C=''
ECHO_N='-n'
ECHO_T=''
GPROF='gprof'
INSTALL_DATA='${INSTALL} -m 644'
INSTALL_INFO='/usr/bin/install-info'
INSTALL_PROGRAM='${INSTALL}'
INSTALL_SCRIPT='${INSTALL}'
LD='ld'
LDFLAGS=''
LIBGD='no'
LIBOBJS=''
LIBS=''
LN_S='ln -s'
LTLIBOBJS=''
MAKE='make'
MAKEINFO=':'
MSGFMT=':'
NM='nm'
OBJCOPY='objcopy'
OBJDUMP='objdump'
OBJEXT='o'
PACKAGE_BUGREPORT='https://sourceware.org/bugzilla/'
PACKAGE_NAME='GNU C Library'
PACKAGE_STRING='GNU C Library (see version.h)'
PACKAGE_TARNAME='glibc'
PACKAGE_URL='https://www.gnu.org/software/glibc/'
PACKAGE_VERSION='(see version.h)'
PATH_SEPARATOR=':'
PERL='/usr/bin/perl'
PKGVERSION='(GNU libc) '
PKGVERSION_TEXI='(GNU libc) '
PYTHON='python3 -B'
PYTHON_PROG='python3'
READELF='readelf'
RELEASE='development'
REPORT_BUGS_TEXI='@uref{https://www.gnu.org/software/libc/bugs.html}'
REPORT_BUGS_TO='<https://www.gnu.org/software/libc/bugs.html>'
SED='sed'
SHELL='/bin/bash'
SYSINCLUDES=''
VERSION='2.35.9000'
ac_ct_CC='gcc'
ac_ct_CXX='g++'
all_warnings=''
base_machine='arm'
bindir='${exec_prefix}/bin'
bindnow='no'
build='armv7l-unknown-linux-gnueabihf'
build_alias=''
build_cpu='armv7l'
build_crypt='yes'
build_nscd='yes'
build_os='linux-gnueabihf'
build_pt_chown='no'
build_vendor='unknown'
cross_compiling='no'
datadir='${datarootdir}'
datarootdir='${prefix}/share'
docdir='${datarootdir}/doc/${PACKAGE_TARNAME}'
dvidir='${docdir}'
enable_timezone_tools='yes'
enable_werror='yes'
exec_prefix='${prefix}'
experimental_malloc='yes'
extra_nonshared_cflags=''
fno_unit_at_a_time='-fno-toplevel-reorder -fno-section-anchors'
force_install='yes'
hardcoded_path_in_tests='no'
have_libaudit=''
have_libcap=''
have_selinux='no'
have_tunables='yes'
host='armv7l-unknown-linux-gnueabihf'
host_alias=''
host_cpu='armv7l'
host_os='linux-gnueabihf'
host_vendor='unknown'
htmldir='${docdir}'
includedir='${prefix}/include'
infodir='${datarootdir}/info'
ldd_rewrite_script='no'
libc_cv_cc_loop_to_function='yes'
libc_cv_cc_nofma='-ffp-contract=off'
libc_cv_cc_submachine=''
libc_cv_cc_with_libunwind='no'
libc_cv_complocaledir=''
libc_cv_cxx_thread_local='yes'
libc_cv_fpie='yes'
libc_cv_gcc_unwind_find_fde='no'
libc_cv_has_glob_dat='yes'
libc_cv_hashstyle='yes'
libc_cv_insert='yes'
libc_cv_localstatedir='${prefix}/var'
libc_cv_mtls_dialect_gnu2='no'
libc_cv_multidir='.'
libc_cv_nss_crypt='no'
libc_cv_protected_data='yes'
libc_cv_rootsbindir=''
libc_cv_rtlddir=''
libc_cv_slibdir=''
libc_cv_ssp='yes'
libc_cv_static_nss_crypt='no'
libc_cv_sysconfdir='${prefix}/etc'
libc_cv_textrel_ifunc='yes'
libc_cv_with_fp='yes'
libc_cv_z_combreloc='yes'
libc_cv_z_execstack='yes'
libc_extra_cflags=''
libc_extra_cppflags=''
libdir='${exec_prefix}/lib'
libexecdir='${exec_prefix}/libexec'
localedir='${datarootdir}/locale'
localstatedir='${prefix}/var'
mach_interface_list=''
mandir='${datarootdir}/man'
memory_tagging='no'
multi_arch='no'
no_stack_protector='-fno-stack-protector -DSTACK_PROTECTOR_LEVEL=0'
oldincludedir='/usr/include'
pdfdir='${docdir}'
prefix='/home/pi/syscall-symphony/glibc-symphony/local'
profile='no'
program_transform_name='s,x,x,'
psdir='${docdir}'
pthread_in_libc='yes'
rtld_early_cflags=''
sbindir='${exec_prefix}/sbin'
shared='yes'
sharedstatedir='${prefix}/com'
stack_protector='-fno-stack-protector'
static=''
static_nss='no'
subdirs=' '
submachine=''
sysconfdir='${prefix}/etc'
sysheaders=''
sysnames=' sysdeps/unix/sysv/linux/arm/le sysdeps/unix/sysv/linux/arm sysdeps/arm/nptl sysdeps/unix/sysv/linux sysdeps/nptl sysdeps/pthread sysdeps/gnu sysdeps/unix/inet sysdeps/unix/sysv sysdeps/unix/arm sysdeps/unix sysdeps/posix sysdeps/arm/le/armv6 sysdeps/arm/armv6 sysdeps/arm/le sysdeps/arm sysdeps/wordsize-32 sysdeps/ieee754/flt-32 sysdeps/ieee754/dbl-64 sysdeps/ieee754 sysdeps/generic'
target_alias=''
use_default_link='yes'
use_ldconfig='yes'
use_nscd='yes'

## ----------- ##
## confdefs.h. ##
## ----------- ##

/* confdefs.h */
#define PACKAGE_NAME "GNU C Library"
#define PACKAGE_TARNAME "glibc"
#define PACKAGE_VERSION "(see version.h)"
#define PACKAGE_STRING "GNU C Library (see version.h)"
#define PACKAGE_BUGREPORT "https://sourceware.org/bugzilla/"
#define PACKAGE_URL "https://www.gnu.org/software/glibc/"
#define PKGVERSION "(GNU libc) "
#define REPORT_BUGS_TO "<https://www.gnu.org/software/libc/bugs.html>"
#define TIMEOUTFACTOR 1
#define HAVE_TUNABLES 1
#define USE_PPC_SCV 1
#define HAVE_CC_NO_STACK_PROTECTOR 1
#define STACK_PROTECTOR_LEVEL 0
#define HAVE_ASM_SET_DIRECTIVE 1
#define HAVE_Z_COMBRELOC 1
#define HAVE_CC_INHIBIT_LOOP_TO_LIBCALL 1
#define HAVE_BUILTIN_TRAP 1
#define __LINUX_KERNEL_VERSION (3 * 65536 + 2 * 256 + 0)
#define __ABI_TAG_VERSION 3,2,0
#define HAVE_INLINED_SYSCALLS 1
#define PI_STATIC_AND_HIDDEN 1
#define HAVE_ARM_PCS_VFP 1
#define ARM_PCREL_MOVW_OK 1
#define HAVE_IFUNC 1
#define HAVE_GCC_IFUNC 1
#define USE_NSCD 1
#define USE_LDCONFIG 1
#define PTHREAD_IN_LIBC 1

configure: exit 0
